<?xml version="1.0" encoding="UTF-8"?>
<testsuite xmlns:xsi="http://www.w3.org/2001/XMLSchema-instance" xsi:noNamespaceSchemaLocation="https://maven.apache.org/surefire/maven-surefire-plugin/xsd/surefire-test-report-3.0.xsd" version="3.0" name="org.chenile.proxy.test.TestChenileProxy" time="2.632" tests="7" errors="0" skipped="0" failures="0">
  <properties>
[...]
</properties>
  <testcase name="testWithNonInterfaceMethods" classname="org.chenile.proxy.test.TestChenileProxy" time="0.499">
    <system-out><![CDATA[Standard Commons Logging discovery in action with spring-jcl: please remove commons-logging.jar from classpath in order to avoid potential conflicts

  .   ____          _            __ _ _
 /\\ / ___'_ __ _ _(_)_ __  __ _ \ \ \ \
( ( )\___ | '_ | '_| | '_ \/ _` | \ \ \ \
 \\/  ___)| |_)| | | | | || (_| |  ) ) ) )
  '  |____| .__|_| |_|_| |_\__, | / / / /
 =========|_|==============|___/=/_/_/_/
 :: Spring Boot ::                (v3.2.4)

2025-07-31T12:23:20.413+05:30  INFO 67045 --- [           main] o.chenile.proxy.test.TestChenileProxy    : Starting TestChenileProxy using Java 21.0.2 with PID 67045 (started by rajashankarkolluru in /Users/rajashankarkolluru/Documents/framework/chenile-proxies/chenile-proxy)
2025-07-31T12:23:20.414+05:30  INFO 67045 --- [           main] o.chenile.proxy.test.TestChenileProxy    : The following 1 profile is active: "unittest"
2025-07-31T12:23:21.002+05:30  INFO 67045 --- [           main] o.s.b.w.embedded.tomcat.TomcatWebServer  : Tomcat initialized with port 8090 (http)
2025-07-31T12:23:21.009+05:30  INFO 67045 --- [           main] o.apache.catalina.core.StandardService   : Starting service [Tomcat]
2025-07-31T12:23:21.010+05:30  INFO 67045 --- [           main] o.apache.catalina.core.StandardEngine    : Starting Servlet engine: [Apache Tomcat/10.1.19]
2025-07-31T12:23:21.040+05:30  INFO 67045 --- [           main] o.a.c.c.C.[Tomcat].[localhost].[/]       : Initializing Spring embedded WebApplicationContext
2025-07-31T12:23:21.040+05:30  INFO 67045 --- [           main] w.s.c.ServletWebServerApplicationContext : Root WebApplicationContext: initialization completed in 615 ms
Standard Commons Logging discovery in action with spring-jcl: please remove commons-logging.jar from classpath in order to avoid potential conflicts
2025-07-31T12:23:21.435+05:30  INFO 67045 --- [           main] o.s.b.w.embedded.tomcat.TomcatWebServer  : Tomcat started on port 8090 (http) with context path ''
2025-07-31T12:23:21.440+05:30  INFO 67045 --- [           main] o.chenile.proxy.test.TestChenileProxy    : Started TestChenileProxy in 1.19 seconds (process running for 2.586)
2025-07-31T12:23:21.444+05:30  INFO 67045 --- [           main] f.a.AutowiredAnnotationBeanPostProcessor : Autowired annotation should only be used on methods with parameters: public void org.chenile.proxy.test.TestChenileProxy.testIt()
]]></system-out>
    <system-err><![CDATA[WARNING: A Java agent has been loaded dynamically (/Users/rajashankarkolluru/.m2/repository/net/bytebuddy/byte-buddy-agent/1.14.12/byte-buddy-agent-1.14.12.jar)
WARNING: If a serviceability tool is in use, please run with -XX:+EnableDynamicAgentLoading to hide this warning
WARNING: If a serviceability tool is not in use, please run with -Djdk.instrument.traceUsage for more information
WARNING: Dynamic loading of agents will be disallowed by default in a future release
]]></system-err>
  </testcase>
  <testcase name="testRemoteForExceptions" classname="org.chenile.proxy.test.TestChenileProxy" time="0.098">
    <system-out><![CDATA[2025-07-31T12:23:22.022+05:30  INFO 67045 --- [nio-8090-exec-1] o.a.c.c.C.[Tomcat].[localhost].[/]       : Initializing Spring DispatcherServlet 'dispatcherServlet'
2025-07-31T12:23:22.022+05:30  INFO 67045 --- [nio-8090-exec-1] o.s.web.servlet.DispatcherServlet        : Initializing Servlet 'dispatcherServlet'
2025-07-31T12:23:22.022+05:30  INFO 67045 --- [nio-8090-exec-1] o.s.web.servlet.DispatcherServlet        : Completed initialization in 0 ms
2025-07-31T12:23:22.034+05:30 ERROR 67045 --- [nio-8090-exec-1] o.c.core.interceptors.ServiceInvoker     : Error while executing service _fooService_.throwException. Message = exception message (type = org.chenile.base.exception.ErrorNumException)

java.lang.reflect.InvocationTargetException: null
	at java.base/jdk.internal.reflect.DirectMethodHandleAccessor.invoke(DirectMethodHandleAccessor.java:118) ~[na:na]
	at java.base/java.lang.reflect.Method.invoke(Method.java:580) ~[na:na]
	at org.chenile.core.interceptors.ServiceInvoker.invokeApi(ServiceInvoker.java:66) ~[chenile-core-2.0.35.jar:2.0.35]
	at org.chenile.core.interceptors.ServiceInvoker.execute(ServiceInvoker.java:35) ~[chenile-core-2.0.35.jar:2.0.35]
	at org.chenile.core.interceptors.ServiceInvoker.execute(ServiceInvoker.java:24) ~[chenile-core-2.0.35.jar:2.0.35]
	at org.chenile.owiz.impl.ChainContext.doContinue(ChainContext.java:55) ~[owiz-2.0.35.jar:2.0.35]
	at org.chenile.core.interceptors.BaseChenileInterceptor.doContinue(BaseChenileInterceptor.java:76) ~[chenile-core-2.0.35.jar:2.0.35]
	at org.chenile.core.interceptors.BaseChenileInterceptor.execute(BaseChenileInterceptor.java:37) ~[chenile-core-2.0.35.jar:2.0.35]
	at org.chenile.core.interceptors.BaseChenileInterceptor.execute(BaseChenileInterceptor.java:20) ~[chenile-core-2.0.35.jar:2.0.35]
	at org.chenile.owiz.impl.ChainContext.doContinue(ChainContext.java:55) ~[owiz-2.0.35.jar:2.0.35]
	at org.chenile.core.interceptors.BaseChenileInterceptor.doContinue(BaseChenileInterceptor.java:76) ~[chenile-core-2.0.35.jar:2.0.35]
	at org.chenile.core.interceptors.BaseChenileInterceptor.execute(BaseChenileInterceptor.java:37) ~[chenile-core-2.0.35.jar:2.0.35]
	at org.chenile.core.interceptors.BaseChenileInterceptor.execute(BaseChenileInterceptor.java:20) ~[chenile-core-2.0.35.jar:2.0.35]
	at org.chenile.owiz.impl.ChainContext.doContinue(ChainContext.java:55) ~[owiz-2.0.35.jar:2.0.35]
	at org.chenile.core.interceptors.BaseChenileInterceptor.doContinue(BaseChenileInterceptor.java:76) ~[chenile-core-2.0.35.jar:2.0.35]
	at org.chenile.core.interceptors.BaseChenileInterceptor.execute(BaseChenileInterceptor.java:37) ~[chenile-core-2.0.35.jar:2.0.35]
	at org.chenile.core.interceptors.BaseChenileInterceptor.execute(BaseChenileInterceptor.java:20) ~[chenile-core-2.0.35.jar:2.0.35]
	at org.chenile.owiz.impl.ChainContext.doContinue(ChainContext.java:55) ~[owiz-2.0.35.jar:2.0.35]
	at org.chenile.core.interceptors.BaseChenileInterceptor.doContinue(BaseChenileInterceptor.java:76) ~[chenile-core-2.0.35.jar:2.0.35]
	at org.chenile.core.interceptors.BaseChenileInterceptor.execute(BaseChenileInterceptor.java:37) ~[chenile-core-2.0.35.jar:2.0.35]
	at org.chenile.core.interceptors.BaseChenileInterceptor.execute(BaseChenileInterceptor.java:20) ~[chenile-core-2.0.35.jar:2.0.35]
	at org.chenile.owiz.impl.ChainContext.doContinue(ChainContext.java:55) ~[owiz-2.0.35.jar:2.0.35]
	at org.chenile.core.interceptors.BaseChenileInterceptor.doContinue(BaseChenileInterceptor.java:76) ~[chenile-core-2.0.35.jar:2.0.35]
	at org.chenile.core.interceptors.BaseChenileInterceptor.execute(BaseChenileInterceptor.java:37) ~[chenile-core-2.0.35.jar:2.0.35]
	at org.chenile.core.interceptors.BaseChenileInterceptor.execute(BaseChenileInterceptor.java:20) ~[chenile-core-2.0.35.jar:2.0.35]
	at org.chenile.owiz.impl.ChainContext.doContinue(ChainContext.java:55) ~[owiz-2.0.35.jar:2.0.35]
	at org.chenile.core.interceptors.BaseChenileInterceptor.doContinue(BaseChenileInterceptor.java:76) ~[chenile-core-2.0.35.jar:2.0.35]
	at org.chenile.core.interceptors.BaseChenileInterceptor.execute(BaseChenileInterceptor.java:37) ~[chenile-core-2.0.35.jar:2.0.35]
	at org.chenile.core.interceptors.BaseChenileInterceptor.execute(BaseChenileInterceptor.java:20) ~[chenile-core-2.0.35.jar:2.0.35]
	at org.chenile.owiz.impl.ChainContext.doContinue(ChainContext.java:55) ~[owiz-2.0.35.jar:2.0.35]
	at org.chenile.core.interceptors.BaseChenileInterceptor.doContinue(BaseChenileInterceptor.java:76) ~[chenile-core-2.0.35.jar:2.0.35]
	at org.chenile.core.interceptors.BaseChenileInterceptor.execute(BaseChenileInterceptor.java:32) ~[chenile-core-2.0.35.jar:2.0.35]
	at org.chenile.core.interceptors.BaseChenileInterceptor.execute(BaseChenileInterceptor.java:20) ~[chenile-core-2.0.35.jar:2.0.35]
	at org.chenile.owiz.impl.ChainContext.doContinue(ChainContext.java:55) ~[owiz-2.0.35.jar:2.0.35]
	at org.chenile.owiz.impl.FilterChain.doExecute(FilterChain.java:32) ~[owiz-2.0.35.jar:2.0.35]
	at org.chenile.owiz.impl.FilterChain.doExecute(FilterChain.java:23) ~[owiz-2.0.35.jar:2.0.35]
	at org.chenile.owiz.impl.CommandBase.execute(CommandBase.java:43) ~[owiz-2.0.35.jar:2.0.35]
	at org.chenile.owiz.impl.Chain.doExecute(Chain.java:25) ~[owiz-2.0.35.jar:2.0.35]
	at org.chenile.owiz.impl.CommandBase.execute(CommandBase.java:43) ~[owiz-2.0.35.jar:2.0.35]
	at org.chenile.owiz.impl.OrchExecutorImpl.doExecute(OrchExecutorImpl.java:27) ~[owiz-2.0.35.jar:2.0.35]
	at org.chenile.owiz.impl.OrchExecutorImpl.execute(OrchExecutorImpl.java:23) ~[owiz-2.0.35.jar:2.0.35]
	at org.chenile.core.entrypoint.ChenileEntryPoint.execute(ChenileEntryPoint.java:17) ~[chenile-core-2.0.35.jar:2.0.35]
	at org.chenile.http.handler.HttpEntryPoint.handleRequest(HttpEntryPoint.java:73) ~[chenile-http-2.0.35.jar:2.0.35]
	at org.springframework.web.servlet.mvc.HttpRequestHandlerAdapter.handle(HttpRequestHandlerAdapter.java:52) ~[spring-webmvc-6.1.5.jar:6.1.5]
	at org.springframework.web.servlet.DispatcherServlet.doDispatch(DispatcherServlet.java:1089) ~[spring-webmvc-6.1.5.jar:6.1.5]
	at org.springframework.web.servlet.DispatcherServlet.doService(DispatcherServlet.java:979) ~[spring-webmvc-6.1.5.jar:6.1.5]
	at org.springframework.web.servlet.FrameworkServlet.processRequest(FrameworkServlet.java:1014) ~[spring-webmvc-6.1.5.jar:6.1.5]
	at org.springframework.web.servlet.FrameworkServlet.doPost(FrameworkServlet.java:914) ~[spring-webmvc-6.1.5.jar:6.1.5]
	at jakarta.servlet.http.HttpServlet.service(HttpServlet.java:590) ~[tomcat-embed-core-10.1.19.jar:6.0]
	at org.springframework.web.servlet.FrameworkServlet.service(FrameworkServlet.java:885) ~[spring-webmvc-6.1.5.jar:6.1.5]
	at jakarta.servlet.http.HttpServlet.service(HttpServlet.java:658) ~[tomcat-embed-core-10.1.19.jar:6.0]
	at org.apache.catalina.core.ApplicationFilterChain.internalDoFilter(ApplicationFilterChain.java:205) ~[tomcat-embed-core-10.1.19.jar:10.1.19]
	at org.apache.catalina.core.ApplicationFilterChain.doFilter(ApplicationFilterChain.java:149) ~[tomcat-embed-core-10.1.19.jar:10.1.19]
	at org.apache.tomcat.websocket.server.WsFilter.doFilter(WsFilter.java:51) ~[tomcat-embed-websocket-10.1.19.jar:10.1.19]
	at org.apache.catalina.core.ApplicationFilterChain.internalDoFilter(ApplicationFilterChain.java:174) ~[tomcat-embed-core-10.1.19.jar:10.1.19]
	at org.apache.catalina.core.ApplicationFilterChain.doFilter(ApplicationFilterChain.java:149) ~[tomcat-embed-core-10.1.19.jar:10.1.19]
	at org.springframework.web.filter.CharacterEncodingFilter.doFilterInternal(CharacterEncodingFilter.java:201) ~[spring-web-6.1.5.jar:6.1.5]
	at org.springframework.web.filter.OncePerRequestFilter.doFilter(OncePerRequestFilter.java:116) ~[spring-web-6.1.5.jar:6.1.5]
	at org.apache.catalina.core.ApplicationFilterChain.internalDoFilter(ApplicationFilterChain.java:174) ~[tomcat-embed-core-10.1.19.jar:10.1.19]
	at org.apache.catalina.core.ApplicationFilterChain.doFilter(ApplicationFilterChain.java:149) ~[tomcat-embed-core-10.1.19.jar:10.1.19]
	at org.apache.catalina.core.StandardWrapperValve.invoke(StandardWrapperValve.java:167) ~[tomcat-embed-core-10.1.19.jar:10.1.19]
	at org.apache.catalina.core.StandardContextValve.invoke(StandardContextValve.java:90) ~[tomcat-embed-core-10.1.19.jar:10.1.19]
	at org.apache.catalina.authenticator.AuthenticatorBase.invoke(AuthenticatorBase.java:482) ~[tomcat-embed-core-10.1.19.jar:10.1.19]
	at org.apache.catalina.core.StandardHostValve.invoke(StandardHostValve.java:115) ~[tomcat-embed-core-10.1.19.jar:10.1.19]
	at org.apache.catalina.valves.ErrorReportValve.invoke(ErrorReportValve.java:93) ~[tomcat-embed-core-10.1.19.jar:10.1.19]
	at org.apache.catalina.core.StandardEngineValve.invoke(StandardEngineValve.java:74) ~[tomcat-embed-core-10.1.19.jar:10.1.19]
	at org.apache.catalina.connector.CoyoteAdapter.service(CoyoteAdapter.java:344) ~[tomcat-embed-core-10.1.19.jar:10.1.19]
	at org.apache.coyote.http11.Http11Processor.service(Http11Processor.java:391) ~[tomcat-embed-core-10.1.19.jar:10.1.19]
	at org.apache.coyote.AbstractProcessorLight.process(AbstractProcessorLight.java:63) ~[tomcat-embed-core-10.1.19.jar:10.1.19]
	at org.apache.coyote.AbstractProtocol$ConnectionHandler.process(AbstractProtocol.java:896) ~[tomcat-embed-core-10.1.19.jar:10.1.19]
	at org.apache.tomcat.util.net.NioEndpoint$SocketProcessor.doRun(NioEndpoint.java:1744) ~[tomcat-embed-core-10.1.19.jar:10.1.19]
	at org.apache.tomcat.util.net.SocketProcessorBase.run(SocketProcessorBase.java:52) ~[tomcat-embed-core-10.1.19.jar:10.1.19]
	at org.apache.tomcat.util.threads.ThreadPoolExecutor.runWorker(ThreadPoolExecutor.java:1191) ~[tomcat-embed-core-10.1.19.jar:10.1.19]
	at org.apache.tomcat.util.threads.ThreadPoolExecutor$Worker.run(ThreadPoolExecutor.java:659) ~[tomcat-embed-core-10.1.19.jar:10.1.19]
	at org.apache.tomcat.util.threads.TaskThread$WrappingRunnable.run(TaskThread.java:63) ~[tomcat-embed-core-10.1.19.jar:10.1.19]
	at java.base/java.lang.Thread.run(Thread.java:1583) ~[na:na]
Caused by: org.chenile.base.exception.ErrorNumException: exception message
	at org.chenile.proxy.test.service.FooServiceImpl.throwException(FooServiceImpl.java:15) ~[test-classes/:na]
	at java.base/jdk.internal.reflect.DirectMethodHandleAccessor.invoke(DirectMethodHandleAccessor.java:103) ~[na:na]
	... 75 common frames omitted

]]></system-out>
  </testcase>
  <testcase name="testIt" classname="org.chenile.proxy.test.TestChenileProxy" time="0.003"/>
  <testcase name="testDisconnectedWireMockProxy" classname="org.chenile.proxy.test.TestChenileProxy" time="0.006"/>
  <testcase name="testWireMockProxy" classname="org.chenile.proxy.test.TestChenileProxy" time="0.075"/>
  <testcase name="testPathParams" classname="org.chenile.proxy.test.TestChenileProxy" time="0.008"/>
  <testcase name="testRemote" classname="org.chenile.proxy.test.TestChenileProxy" time="0.006"/>
</testsuite>