<?xml version="1.0" encoding="UTF-8" standalone="yes"?><!DOCTYPE report PUBLIC "-//JACOCO//DTD Report 1.1//EN" "report.dtd"><report name="Chenile Proxy Utilities"><sessioninfo id="Rajas-MacBook-Pro.local-a42507e4" start="1753403305021" dump="1753403308328"/><sessioninfo id="Rajas-MacBook-Pro.local-a9297d62" start="1753403387209" dump="1753403390574"/><sessioninfo id="Rajas-MacBook-Pro.local-382f9dad" start="1753405688471" dump="1753405691614"/><sessioninfo id="Rajas-MacBook-Pro.local-155adbfc" start="1753405853643" dump="1753405856738"/><sessioninfo id="Rajas-MacBook-Pro.local-20ca94e8" start="1753942934253" dump="1753942937509"/><sessioninfo id="Rajas-MacBook-Pro.local-b395c575" start="1753943358727" dump="1753943361914"/><sessioninfo id="Rajas-MacBook-Pro.local-b23c144f" start="1753944593986" dump="1753944597190"/><sessioninfo id="Rajas-MacBook-Pro.local-8f0c7ae0" start="1753944798952" dump="1753944802179"/><package name="org/chenile/proxy/interceptors/interpolations"><class name="org/chenile/proxy/interceptors/interpolations/ServiceSpecificClientProcessorsInterpolation" sourcefilename="ServiceSpecificClientProcessorsInterpolation.java"><method name="&lt;init&gt;" desc="()V" line="14"><counter type="INSTRUCTION" missed="0" covered="3"/><counter type="LINE" missed="0" covered="1"/><counter type="COMPLEXITY" missed="0" covered="1"/><counter type="METHOD" missed="0" covered="1"/></method><method name="fetchCommands" desc="(Lorg/chenile/core/context/ChenileExchange;)Ljava/util/List;" line="19"><counter type="INSTRUCTION" missed="0" covered="4"/><counter type="LINE" missed="0" covered="1"/><counter type="COMPLEXITY" missed="0" covered="1"/><counter type="METHOD" missed="0" covered="1"/></method><counter type="INSTRUCTION" missed="0" covered="7"/><counter type="LINE" missed="0" covered="2"/><counter type="COMPLEXITY" missed="0" covered="2"/><counter type="METHOD" missed="0" covered="2"/><counter type="CLASS" missed="0" covered="1"/></class><class name="org/chenile/proxy/interceptors/interpolations/OperationSpecificClientProcessorsInterpolation" sourcefilename="OperationSpecificClientProcessorsInterpolation.java"><method name="&lt;init&gt;" desc="()V" line="14"><counter type="INSTRUCTION" missed="0" covered="3"/><counter type="LINE" missed="0" covered="1"/><counter type="COMPLEXITY" missed="0" covered="1"/><counter type="METHOD" missed="0" covered="1"/></method><method name="fetchCommands" desc="(Lorg/chenile/core/context/ChenileExchange;)Ljava/util/List;" line="19"><counter type="INSTRUCTION" missed="0" covered="4"/><counter type="LINE" missed="0" covered="1"/><counter type="COMPLEXITY" missed="0" covered="1"/><counter type="METHOD" missed="0" covered="1"/></method><counter type="INSTRUCTION" missed="0" covered="7"/><counter type="LINE" missed="0" covered="2"/><counter type="COMPLEXITY" missed="0" covered="2"/><counter type="METHOD" missed="0" covered="2"/><counter type="CLASS" missed="0" covered="1"/></class><sourcefile name="ServiceSpecificClientProcessorsInterpolation.java"><line nr="14" mi="0" ci="3" mb="0" cb="0"/><line nr="19" mi="0" ci="4" mb="0" cb="0"/><counter type="INSTRUCTION" missed="0" covered="7"/><counter type="LINE" missed="0" covered="2"/><counter type="COMPLEXITY" missed="0" covered="2"/><counter type="METHOD" missed="0" covered="2"/><counter type="CLASS" missed="0" covered="1"/></sourcefile><sourcefile name="OperationSpecificClientProcessorsInterpolation.java"><line nr="14" mi="0" ci="3" mb="0" cb="0"/><line nr="19" mi="0" ci="4" mb="0" cb="0"/><counter type="INSTRUCTION" missed="0" covered="7"/><counter type="LINE" missed="0" covered="2"/><counter type="COMPLEXITY" missed="0" covered="2"/><counter type="METHOD" missed="0" covered="2"/><counter type="CLASS" missed="0" covered="1"/></sourcefile><counter type="INSTRUCTION" missed="0" covered="14"/><counter type="LINE" missed="0" covered="4"/><counter type="COMPLEXITY" missed="0" covered="4"/><counter type="METHOD" missed="0" covered="4"/><counter type="CLASS" missed="0" covered="2"/></package><package name="org/chenile/proxy/errorcodes"><class name="org/chenile/proxy/errorcodes/ErrorCodes" sourcefilename="ErrorCodes.java"><method name="&lt;init&gt;" desc="(Ljava/lang/String;II)V" line="11"><counter type="INSTRUCTION" missed="0" covered="8"/><counter type="LINE" missed="0" covered="3"/><counter type="COMPLEXITY" missed="0" covered="1"/><counter type="METHOD" missed="0" covered="1"/></method><method name="getSubError" desc="()I" line="16"><counter type="INSTRUCTION" missed="0" covered="3"/><counter type="LINE" missed="0" covered="1"/><counter type="COMPLEXITY" missed="0" covered="1"/><counter type="METHOD" missed="0" covered="1"/></method><method name="&lt;clinit&gt;" desc="()V" line="6"><counter type="INSTRUCTION" missed="0" covered="24"/><counter type="LINE" missed="0" covered="2"/><counter type="COMPLEXITY" missed="0" covered="1"/><counter type="METHOD" missed="0" covered="1"/></method><counter type="INSTRUCTION" missed="0" covered="35"/><counter type="LINE" missed="0" covered="6"/><counter type="COMPLEXITY" missed="0" covered="3"/><counter type="METHOD" missed="0" covered="3"/><counter type="CLASS" missed="0" covered="1"/></class><sourcefile name="ErrorCodes.java"><line nr="6" mi="0" ci="3" mb="0" cb="0"/><line nr="8" mi="0" ci="21" mb="0" cb="0"/><line nr="11" mi="0" ci="4" mb="0" cb="0"/><line nr="12" mi="0" ci="3" mb="0" cb="0"/><line nr="13" mi="0" ci="1" mb="0" cb="0"/><line nr="16" mi="0" ci="3" mb="0" cb="0"/><counter type="INSTRUCTION" missed="0" covered="35"/><counter type="LINE" missed="0" covered="6"/><counter type="COMPLEXITY" missed="0" covered="3"/><counter type="METHOD" missed="0" covered="3"/><counter type="CLASS" missed="0" covered="1"/></sourcefile><counter type="INSTRUCTION" missed="0" covered="35"/><counter type="LINE" missed="0" covered="6"/><counter type="COMPLEXITY" missed="0" covered="3"/><counter type="METHOD" missed="0" covered="3"/><counter type="CLASS" missed="0" covered="1"/></package><package name="org/chenile/proxy/interceptors"><class name="org/chenile/proxy/interceptors/ChenileResponseHandler" sourcefilename="ChenileResponseHandler.java"><method name="&lt;init&gt;" desc="(Lorg/chenile/core/context/ChenileExchange;Lcom/fasterxml/jackson/databind/ObjectMapper;)V" line="24"><counter type="INSTRUCTION" missed="0" covered="9"/><counter type="LINE" missed="0" covered="4"/><counter type="COMPLEXITY" missed="0" covered="1"/><counter type="METHOD" missed="0" covered="1"/></method><method name="hasError" desc="(Lorg/springframework/http/client/ClientHttpResponse;)Z" line="31"><counter type="INSTRUCTION" missed="0" covered="8"/><counter type="BRANCH" missed="0" covered="2"/><counter type="LINE" missed="0" covered="1"/><counter type="COMPLEXITY" missed="0" covered="2"/><counter type="METHOD" missed="0" covered="1"/></method><method name="handleError" desc="(Lorg/springframework/http/client/ClientHttpResponse;)V" line="36"><counter type="INSTRUCTION" missed="21" covered="19"/><counter type="BRANCH" missed="2" covered="2"/><counter type="LINE" missed="6" covered="6"/><counter type="COMPLEXITY" missed="2" covered="1"/><counter type="METHOD" missed="0" covered="1"/></method><method name="parseBody" desc="([BLorg/springframework/http/client/ClientHttpResponse;)V" line="54"><counter type="INSTRUCTION" missed="18" covered="23"/><counter type="LINE" missed="5" covered="5"/><counter type="COMPLEXITY" missed="0" covered="1"/><counter type="METHOD" missed="0" covered="1"/></method><method name="getTypeReference" desc="()Lcom/fasterxml/jackson/core/type/TypeReference;" line="67"><counter type="INSTRUCTION" missed="0" covered="5"/><counter type="LINE" missed="0" covered="1"/><counter type="COMPLEXITY" missed="0" covered="1"/><counter type="METHOD" missed="0" covered="1"/></method><method name="getEndpointName" desc="()Ljava/lang/String;" line="76"><counter type="INSTRUCTION" missed="10" covered="0"/><counter type="LINE" missed="2" covered="0"/><counter type="COMPLEXITY" missed="1" covered="0"/><counter type="METHOD" missed="1" covered="0"/></method><counter type="INSTRUCTION" missed="49" covered="64"/><counter type="BRANCH" missed="2" covered="4"/><counter type="LINE" missed="13" covered="17"/><counter type="COMPLEXITY" missed="3" covered="6"/><counter type="METHOD" missed="1" covered="5"/><counter type="CLASS" missed="0" covered="1"/></class><class name="org/chenile/proxy/interceptors/HttpInvoker" sourcefilename="HttpInvoker.java"><method name="&lt;init&gt;" desc="()V" line="40"><counter type="INSTRUCTION" missed="0" covered="8"/><counter type="LINE" missed="0" covered="2"/><counter type="COMPLEXITY" missed="0" covered="1"/><counter type="METHOD" missed="0" covered="1"/></method><method name="execute" desc="(Lorg/chenile/core/context/ChenileExchange;)V" line="45"><counter type="INSTRUCTION" missed="0" covered="90"/><counter type="BRANCH" missed="1" covered="1"/><counter type="LINE" missed="0" covered="19"/><counter type="COMPLEXITY" missed="1" covered="1"/><counter type="METHOD" missed="0" covered="1"/></method><method name="populateResponse" desc="(Lorg/springframework/http/ResponseEntity;Ljava/lang/String;Ljava/lang/String;Lorg/chenile/core/context/ChenileExchange;)V" line="68"><counter type="INSTRUCTION" missed="21" covered="13"/><counter type="BRANCH" missed="1" covered="1"/><counter type="LINE" missed="2" covered="5"/><counter type="COMPLEXITY" missed="1" covered="1"/><counter type="METHOD" missed="0" covered="1"/></method><method name="setCorrectException" desc="(Lorg/chenile/core/context/ChenileExchange;[Ljava/lang/Object;Lorg/springframework/web/client/RestClientException;)V" line="78"><counter type="INSTRUCTION" missed="17" covered="23"/><counter type="BRANCH" missed="5" covered="3"/><counter type="LINE" missed="2" covered="7"/><counter type="COMPLEXITY" missed="3" covered="2"/><counter type="METHOD" missed="0" covered="1"/></method><method name="constructUrl" desc="(Ljava/lang/String;Ljava/lang/String;Lorg/chenile/core/context/ChenileExchange;)Ljava/lang/String;" line="99"><counter type="INSTRUCTION" missed="4" covered="46"/><counter type="BRANCH" missed="2" covered="4"/><counter type="LINE" missed="1" covered="9"/><counter type="COMPLEXITY" missed="2" covered="2"/><counter type="METHOD" missed="0" covered="1"/></method><method name="extractHeaders" desc="(Lorg/chenile/core/context/ChenileExchange;)Lorg/springframework/http/HttpHeaders;" line="113"><counter type="INSTRUCTION" missed="5" covered="39"/><counter type="BRANCH" missed="1" covered="3"/><counter type="LINE" missed="1" covered="9"/><counter type="COMPLEXITY" missed="1" covered="2"/><counter type="METHOD" missed="0" covered="1"/></method><method name="httpMethod" desc="(Lorg/chenile/core/model/OperationDefinition;)Lorg/springframework/http/HttpMethod;" line="131"><counter type="INSTRUCTION" missed="7" covered="9"/><counter type="BRANCH" missed="4" covered="1"/><counter type="LINE" missed="4" covered="2"/><counter type="COMPLEXITY" missed="4" covered="1"/><counter type="METHOD" missed="0" covered="1"/></method><method name="getRestTemplate" desc="(Lorg/chenile/core/context/ChenileExchange;)Lorg/springframework/web/client/RestTemplate;" line="141"><counter type="INSTRUCTION" missed="0" covered="13"/><counter type="LINE" missed="0" covered="2"/><counter type="COMPLEXITY" missed="0" covered="1"/><counter type="METHOD" missed="0" covered="1"/></method><counter type="INSTRUCTION" missed="54" covered="241"/><counter type="BRANCH" missed="14" covered="13"/><counter type="LINE" missed="10" covered="55"/><counter type="COMPLEXITY" missed="12" covered="11"/><counter type="METHOD" missed="0" covered="8"/><counter type="CLASS" missed="0" covered="1"/></class><class name="org/chenile/proxy/interceptors/LocalProxyInvoker" sourcefilename="LocalProxyInvoker.java"><method name="&lt;init&gt;" desc="()V" line="14"><counter type="INSTRUCTION" missed="0" covered="3"/><counter type="LINE" missed="0" covered="1"/><counter type="COMPLEXITY" missed="0" covered="1"/><counter type="METHOD" missed="0" covered="1"/></method><method name="execute" desc="(Lorg/chenile/core/context/ChenileExchange;)V" line="21"><counter type="INSTRUCTION" missed="0" covered="18"/><counter type="BRANCH" missed="1" covered="1"/><counter type="LINE" missed="0" covered="6"/><counter type="COMPLEXITY" missed="1" covered="1"/><counter type="METHOD" missed="0" covered="1"/></method><counter type="INSTRUCTION" missed="0" covered="21"/><counter type="BRANCH" missed="1" covered="1"/><counter type="LINE" missed="0" covered="7"/><counter type="COMPLEXITY" missed="1" covered="2"/><counter type="METHOD" missed="0" covered="2"/><counter type="CLASS" missed="0" covered="1"/></class><class name="org/chenile/proxy/interceptors/ResponseBodyTypeSelector" sourcefilename="ResponseBodyTypeSelector.java"><method name="&lt;init&gt;" desc="()V" line="15"><counter type="INSTRUCTION" missed="0" covered="3"/><counter type="LINE" missed="0" covered="1"/><counter type="COMPLEXITY" missed="0" covered="1"/><counter type="METHOD" missed="0" covered="1"/></method><method name="doPreProcessing" desc="(Lorg/chenile/core/context/ChenileExchange;)V" line="19"><counter type="INSTRUCTION" missed="23" covered="27"/><counter type="BRANCH" missed="2" covered="2"/><counter type="LINE" missed="6" covered="7"/><counter type="COMPLEXITY" missed="2" covered="1"/><counter type="METHOD" missed="0" covered="1"/></method><counter type="INSTRUCTION" missed="23" covered="30"/><counter type="BRANCH" missed="2" covered="2"/><counter type="LINE" missed="6" covered="8"/><counter type="COMPLEXITY" missed="2" covered="2"/><counter type="METHOD" missed="0" covered="2"/><counter type="CLASS" missed="0" covered="1"/></class><class name="org/chenile/proxy/interceptors/ProxyTypeRouter" sourcefilename="ProxyTypeRouter.java"><method name="&lt;init&gt;" desc="()V" line="16"><counter type="INSTRUCTION" missed="0" covered="3"/><counter type="LINE" missed="0" covered="1"/><counter type="COMPLEXITY" missed="0" covered="1"/><counter type="METHOD" missed="0" covered="1"/></method><method name="computeRoutingString" desc="(Lorg/chenile/core/context/ChenileExchange;)Ljava/lang/String;" line="21"><counter type="INSTRUCTION" missed="0" covered="4"/><counter type="LINE" missed="0" covered="1"/><counter type="COMPLEXITY" missed="0" covered="1"/><counter type="METHOD" missed="0" covered="1"/></method><method name="proxyMode" desc="(Lorg/chenile/core/context/ChenileExchange;)Ljava/lang/String;" line="25"><counter type="INSTRUCTION" missed="0" covered="18"/><counter type="BRANCH" missed="0" covered="2"/><counter type="LINE" missed="0" covered="4"/><counter type="COMPLEXITY" missed="0" covered="2"/><counter type="METHOD" missed="0" covered="1"/></method><method name="computeDynamic" desc="(Lorg/chenile/core/context/ChenileExchange;)Ljava/lang/String;" line="37"><counter type="INSTRUCTION" missed="3" covered="13"/><counter type="BRANCH" missed="1" covered="1"/><counter type="LINE" missed="1" covered="3"/><counter type="COMPLEXITY" missed="1" covered="1"/><counter type="METHOD" missed="0" covered="1"/></method><counter type="INSTRUCTION" missed="3" covered="38"/><counter type="BRANCH" missed="1" covered="3"/><counter type="LINE" missed="1" covered="9"/><counter type="COMPLEXITY" missed="1" covered="5"/><counter type="METHOD" missed="0" covered="4"/><counter type="CLASS" missed="0" covered="1"/></class><class name="org/chenile/proxy/interceptors/ChenileResponseHandler$1" sourcefilename="ChenileResponseHandler.java"><method name="&lt;init&gt;" desc="(Lorg/chenile/proxy/interceptors/ChenileResponseHandler;)V" line="67"><counter type="INSTRUCTION" missed="0" covered="6"/><counter type="LINE" missed="0" covered="1"/><counter type="COMPLEXITY" missed="0" covered="1"/><counter type="METHOD" missed="0" covered="1"/></method><method name="getType" desc="()Ljava/lang/reflect/Type;" line="70"><counter type="INSTRUCTION" missed="0" covered="6"/><counter type="LINE" missed="0" covered="1"/><counter type="COMPLEXITY" missed="0" covered="1"/><counter type="METHOD" missed="0" covered="1"/></method><counter type="INSTRUCTION" missed="0" covered="12"/><counter type="LINE" missed="0" covered="2"/><counter type="COMPLEXITY" missed="0" covered="2"/><counter type="METHOD" missed="0" covered="2"/><counter type="CLASS" missed="0" covered="1"/></class><sourcefile name="ProxyTypeRouter.java"><line nr="16" mi="0" ci="3" mb="0" cb="0"/><line nr="21" mi="0" ci="4" mb="0" cb="0"/><line nr="25" mi="0" ci="6" mb="0" cb="0"/><line nr="26" mi="0" ci="5" mb="0" cb="2"/><line nr="29" mi="0" ci="3" mb="0" cb="0"/><line nr="32" mi="0" ci="4" mb="0" cb="0"/><line nr="37" mi="0" ci="3" mb="0" cb="0"/><line nr="38" mi="0" ci="7" mb="1" cb="1"/><line nr="39" mi="0" ci="3" mb="0" cb="0"/><line nr="41" mi="3" ci="0" mb="0" cb="0"/><counter type="INSTRUCTION" missed="3" covered="38"/><counter type="BRANCH" missed="1" covered="3"/><counter type="LINE" missed="1" covered="9"/><counter type="COMPLEXITY" missed="1" covered="5"/><counter type="METHOD" missed="0" covered="4"/><counter type="CLASS" missed="0" covered="1"/></sourcefile><sourcefile name="LocalProxyInvoker.java"><line nr="14" mi="0" ci="3" mb="0" cb="0"/><line nr="21" mi="0" ci="3" mb="0" cb="0"/><line nr="22" mi="0" ci="4" mb="0" cb="0"/><line nr="23" mi="0" ci="4" mb="0" cb="0"/><line nr="24" mi="0" ci="2" mb="1" cb="1"/><line nr="25" mi="0" ci="4" mb="0" cb="0"/><line nr="27" mi="0" ci="1" mb="0" cb="0"/><counter type="INSTRUCTION" missed="0" covered="21"/><counter type="BRANCH" missed="1" covered="1"/><counter type="LINE" missed="0" covered="7"/><counter type="COMPLEXITY" missed="1" covered="2"/><counter type="METHOD" missed="0" covered="2"/><counter type="CLASS" missed="0" covered="1"/></sourcefile><sourcefile name="HttpInvoker.java"><line nr="40" mi="0" ci="5" mb="0" cb="0"/><line nr="41" mi="0" ci="3" mb="0" cb="0"/><line nr="45" mi="0" ci="3" mb="0" cb="0"/><line nr="46" mi="0" ci="4" mb="0" cb="0"/><line nr="47" mi="0" ci="7" mb="0" cb="0"/><line nr="49" mi="0" ci="5" mb="0" cb="0"/><line nr="50" mi="0" ci="4" mb="0" cb="0"/><line nr="51" mi="0" ci="4" mb="0" cb="0"/><line nr="52" mi="0" ci="7" mb="1" cb="1"/><line nr="53" mi="0" ci="2" mb="0" cb="0"/><line nr="54" mi="0" ci="4" mb="0" cb="0"/><line nr="56" mi="0" ci="5" mb="0" cb="0"/><line nr="57" mi="0" ci="8" mb="0" cb="0"/><line nr="58" mi="0" ci="6" mb="0" cb="0"/><line nr="59" mi="0" ci="1" mb="0" cb="0"/><line nr="60" mi="0" ci="16" mb="0" cb="0"/><line nr="61" mi="0" ci="5" mb="0" cb="0"/><line nr="62" mi="0" ci="1" mb="0" cb="0"/><line nr="63" mi="0" ci="1" mb="0" cb="0"/><line nr="64" mi="0" ci="6" mb="0" cb="0"/><line nr="65" mi="0" ci="1" mb="0" cb="0"/><line nr="68" mi="0" ci="3" mb="1" cb="1"/><line nr="69" mi="0" ci="4" mb="0" cb="0"/><line nr="70" mi="0" ci="4" mb="0" cb="0"/><line nr="71" mi="0" ci="1" mb="0" cb="0"/><line nr="72" mi="4" ci="0" mb="0" cb="0"/><line nr="73" mi="17" ci="0" mb="0" cb="0"/><line nr="75" mi="0" ci="1" mb="0" cb="0"/><line nr="78" mi="0" ci="3" mb="0" cb="2"/><line nr="79" mi="0" ci="1" mb="0" cb="0"/><line nr="81" mi="0" ci="3" mb="0" cb="0"/><line nr="83" mi="4" ci="3" mb="3" cb="1"/><line nr="84" mi="5" ci="0" mb="2" cb="0"/><line nr="85" mi="0" ci="9" mb="0" cb="0"/><line nr="87" mi="8" ci="0" mb="0" cb="0"/><line nr="89" mi="0" ci="3" mb="0" cb="0"/><line nr="90" mi="0" ci="1" mb="0" cb="0"/><line nr="99" mi="0" ci="4" mb="0" cb="2"/><line nr="100" mi="0" ci="4" mb="0" cb="0"/><line nr="101" mi="0" ci="4" mb="0" cb="0"/><line nr="102" mi="0" ci="7" mb="0" cb="0"/><line nr="103" mi="0" ci="4" mb="0" cb="0"/><line nr="104" mi="0" ci="15" mb="0" cb="0"/><line nr="105" mi="0" ci="1" mb="0" cb="0"/><line nr="106" mi="0" ci="5" mb="2" cb="2"/><line nr="107" mi="4" ci="0" mb="0" cb="0"/><line nr="109" mi="0" ci="2" mb="0" cb="0"/><line nr="113" mi="0" ci="4" mb="0" cb="0"/><line nr="114" mi="0" ci="4" mb="0" cb="0"/><line nr="115" mi="0" ci="12" mb="0" cb="2"/><line nr="116" mi="0" ci="4" mb="0" cb="0"/><line nr="117" mi="0" ci="3" mb="0" cb="0"/><line nr="118" mi="0" ci="5" mb="0" cb="0"/><line nr="120" mi="0" ci="4" mb="1" cb="1"/><line nr="121" mi="5" ci="0" mb="0" cb="0"/><line nr="123" mi="0" ci="1" mb="0" cb="0"/><line nr="127" mi="0" ci="2" mb="0" cb="0"/><line nr="131" mi="0" ci="7" mb="4" cb="1"/><line nr="132" mi="2" ci="0" mb="0" cb="0"/><line nr="133" mi="0" ci="2" mb="0" cb="0"/><line nr="134" mi="2" ci="0" mb="0" cb="0"/><line nr="135" mi="2" ci="0" mb="0" cb="0"/><line nr="136" mi="1" ci="0" mb="0" cb="0"/><line nr="141" mi="0" ci="7" mb="0" cb="0"/><line nr="142" mi="0" ci="6" mb="0" cb="0"/><counter type="INSTRUCTION" missed="54" covered="241"/><counter type="BRANCH" missed="14" covered="13"/><counter type="LINE" missed="10" covered="55"/><counter type="COMPLEXITY" missed="12" covered="11"/><counter type="METHOD" missed="0" covered="8"/><counter type="CLASS" missed="0" covered="1"/></sourcefile><sourcefile name="ChenileResponseHandler.java"><line nr="24" mi="0" ci="2" mb="0" cb="0"/><line nr="25" mi="0" ci="3" mb="0" cb="0"/><line nr="26" mi="0" ci="3" mb="0" cb="0"/><line nr="27" mi="0" ci="1" mb="0" cb="0"/><line nr="31" mi="0" ci="8" mb="0" cb="2"/><line nr="36" mi="0" ci="5" mb="0" cb="0"/><line nr="37" mi="0" ci="2" mb="1" cb="1"/><line nr="38" mi="0" ci="4" mb="0" cb="0"/><line nr="39" mi="0" ci="3" mb="1" cb="1"/><line nr="40" mi="5" ci="0" mb="0" cb="0"/><line nr="41" mi="5" ci="0" mb="0" cb="0"/><line nr="42" mi="5" ci="0" mb="0" cb="0"/><line nr="43" mi="4" ci="0" mb="0" cb="0"/><line nr="44" mi="1" ci="0" mb="0" cb="0"/><line nr="46" mi="0" ci="4" mb="0" cb="0"/><line nr="47" mi="0" ci="1" mb="0" cb="0"/><line nr="49" mi="1" ci="0" mb="0" cb="0"/><line nr="54" mi="0" ci="8" mb="0" cb="0"/><line nr="55" mi="0" ci="7" mb="0" cb="0"/><line nr="56" mi="0" ci="3" mb="0" cb="0"/><line nr="57" mi="0" ci="4" mb="0" cb="0"/><line nr="58" mi="0" ci="1" mb="0" cb="0"/><line nr="59" mi="1" ci="0" mb="0" cb="0"/><line nr="60" mi="5" ci="0" mb="0" cb="0"/><line nr="61" mi="7" ci="0" mb="0" cb="0"/><line nr="62" mi="4" ci="0" mb="0" cb="0"/><line nr="64" mi="1" ci="0" mb="0" cb="0"/><line nr="67" mi="0" ci="11" mb="0" cb="0"/><line nr="70" mi="0" ci="6" mb="0" cb="0"/><line nr="76" mi="7" ci="0" mb="0" cb="0"/><line nr="77" mi="3" ci="0" mb="0" cb="0"/><counter type="INSTRUCTION" missed="49" covered="76"/><counter type="BRANCH" missed="2" covered="4"/><counter type="LINE" missed="13" covered="18"/><counter type="COMPLEXITY" missed="3" covered="8"/><counter type="METHOD" missed="1" covered="7"/><counter type="CLASS" missed="0" covered="2"/></sourcefile><sourcefile name="ResponseBodyTypeSelector.java"><line nr="15" mi="0" ci="3" mb="0" cb="0"/><line nr="19" mi="0" ci="3" mb="0" cb="0"/><line nr="20" mi="0" ci="3" mb="1" cb="1"/><line nr="21" mi="3" ci="0" mb="0" cb="0"/><line nr="22" mi="3" ci="0" mb="0" cb="0"/><line nr="23" mi="9" ci="0" mb="0" cb="0"/><line nr="24" mi="4" ci="0" mb="0" cb="0"/><line nr="25" mi="3" ci="0" mb="0" cb="0"/><line nr="26" mi="1" ci="0" mb="0" cb="0"/><line nr="27" mi="0" ci="3" mb="1" cb="1"/><line nr="28" mi="0" ci="10" mb="0" cb="0"/><line nr="29" mi="0" ci="4" mb="0" cb="0"/><line nr="30" mi="0" ci="3" mb="0" cb="0"/><line nr="32" mi="0" ci="1" mb="0" cb="0"/><counter type="INSTRUCTION" missed="23" covered="30"/><counter type="BRANCH" missed="2" covered="2"/><counter type="LINE" missed="6" covered="8"/><counter type="COMPLEXITY" missed="2" covered="2"/><counter type="METHOD" missed="0" covered="2"/><counter type="CLASS" missed="0" covered="1"/></sourcefile><counter type="INSTRUCTION" missed="129" covered="406"/><counter type="BRANCH" missed="20" covered="23"/><counter type="LINE" missed="30" covered="97"/><counter type="COMPLEXITY" missed="19" covered="28"/><counter type="METHOD" missed="1" covered="23"/><counter type="CLASS" missed="0" covered="6"/></package><package name="org/chenile/configuration/proxy"><class name="org/chenile/configuration/proxy/ProxyConfiguration" sourcefilename="ProxyConfiguration.java"><method name="&lt;init&gt;" desc="()V" line="30"><counter type="INSTRUCTION" missed="0" covered="3"/><counter type="LINE" missed="0" covered="1"/><counter type="COMPLEXITY" missed="0" covered="1"/><counter type="METHOD" missed="0" covered="1"/></method><method name="localProxyBuilder" desc="()Lorg/chenile/proxy/builder/ProxyBuilder;" line="38"><counter type="INSTRUCTION" missed="0" covered="4"/><counter type="LINE" missed="0" covered="1"/><counter type="COMPLEXITY" missed="0" covered="1"/><counter type="METHOD" missed="0" covered="1"/></method><method name="chenileProxyOrchExecutor" desc="()Lorg/chenile/owiz/OrchExecutor;" line="43"><counter type="INSTRUCTION" missed="0" covered="28"/><counter type="LINE" missed="0" covered="6"/><counter type="COMPLEXITY" missed="0" covered="1"/><counter type="METHOD" missed="0" covered="1"/></method><method name="chenileProxyInterceptorChain" desc="()Lorg/chenile/owiz/impl/Chain;" line="58"><counter type="INSTRUCTION" missed="0" covered="4"/><counter type="LINE" missed="0" covered="1"/><counter type="COMPLEXITY" missed="0" covered="1"/><counter type="METHOD" missed="0" covered="1"/></method><method name="chenileProxyHighway" desc="()Lorg/chenile/owiz/impl/Chain;" line="63"><counter type="INSTRUCTION" missed="0" covered="4"/><counter type="LINE" missed="0" covered="1"/><counter type="COMPLEXITY" missed="0" covered="1"/><counter type="METHOD" missed="0" covered="1"/></method><method name="localProxyInvoker" desc="()Lorg/chenile/proxy/interceptors/LocalProxyInvoker;" line="68"><counter type="INSTRUCTION" missed="0" covered="4"/><counter type="LINE" missed="0" covered="1"/><counter type="COMPLEXITY" missed="0" covered="1"/><counter type="METHOD" missed="0" covered="1"/></method><method name="httpInvoker" desc="()Lorg/chenile/proxy/interceptors/HttpInvoker;" line="73"><counter type="INSTRUCTION" missed="0" covered="4"/><counter type="LINE" missed="0" covered="1"/><counter type="COMPLEXITY" missed="0" covered="1"/><counter type="METHOD" missed="0" covered="1"/></method><method name="operationSpecificClientProcessorsInterpolation" desc="()Lorg/chenile/owiz/Command;" line="78"><counter type="INSTRUCTION" missed="0" covered="4"/><counter type="LINE" missed="0" covered="1"/><counter type="COMPLEXITY" missed="0" covered="1"/><counter type="METHOD" missed="0" covered="1"/></method><method name="serviceSpecificClientProcessorsInterpolation" desc="()Lorg/chenile/owiz/Command;" line="83"><counter type="INSTRUCTION" missed="0" covered="4"/><counter type="LINE" missed="0" covered="1"/><counter type="COMPLEXITY" missed="0" covered="1"/><counter type="METHOD" missed="0" covered="1"/></method><method name="proxyTypeRouter" desc="()Lorg/chenile/proxy/interceptors/ProxyTypeRouter;" line="88"><counter type="INSTRUCTION" missed="0" covered="4"/><counter type="LINE" missed="0" covered="1"/><counter type="COMPLEXITY" missed="0" covered="1"/><counter type="METHOD" missed="0" covered="1"/></method><method name="responseBodyTypeSelector" desc="()Lorg/chenile/proxy/interceptors/ResponseBodyTypeSelector;" line="93"><counter type="INSTRUCTION" missed="0" covered="4"/><counter type="LINE" missed="0" covered="1"/><counter type="COMPLEXITY" missed="0" covered="1"/><counter type="METHOD" missed="0" covered="1"/></method><method name="httpChain" desc="()Lorg/chenile/owiz/impl/Chain;" line="98"><counter type="INSTRUCTION" missed="0" covered="4"/><counter type="LINE" missed="0" covered="1"/><counter type="COMPLEXITY" missed="0" covered="1"/><counter type="METHOD" missed="0" covered="1"/></method><counter type="INSTRUCTION" missed="0" covered="71"/><counter type="LINE" missed="0" covered="17"/><counter type="COMPLEXITY" missed="0" covered="12"/><counter type="METHOD" missed="0" covered="12"/><counter type="CLASS" missed="0" covered="1"/></class><class name="org/chenile/configuration/proxy/ProxyConfiguration$1" sourcefilename="ProxyConfiguration.java"><method name="&lt;init&gt;" desc="(Lorg/chenile/configuration/proxy/ProxyConfiguration;)V" line="44"><counter type="INSTRUCTION" missed="0" covered="6"/><counter type="LINE" missed="0" covered="1"/><counter type="COMPLEXITY" missed="0" covered="1"/><counter type="METHOD" missed="0" covered="1"/></method><method name="lookup" desc="(Ljava/lang/String;)Ljava/lang/Object;" line="47"><counter type="INSTRUCTION" missed="0" covered="6"/><counter type="LINE" missed="0" covered="1"/><counter type="COMPLEXITY" missed="0" covered="1"/><counter type="METHOD" missed="0" covered="1"/></method><counter type="INSTRUCTION" missed="0" covered="12"/><counter type="LINE" missed="0" covered="2"/><counter type="COMPLEXITY" missed="0" covered="2"/><counter type="METHOD" missed="0" covered="2"/><counter type="CLASS" missed="0" covered="1"/></class><sourcefile name="ProxyConfiguration.java"><line nr="30" mi="0" ci="3" mb="0" cb="0"/><line nr="38" mi="0" ci="4" mb="0" cb="0"/><line nr="43" mi="0" ci="4" mb="0" cb="0"/><line nr="44" mi="0" ci="12" mb="0" cb="0"/><line nr="47" mi="0" ci="6" mb="0" cb="0"/><line nr="50" mi="0" ci="9" mb="0" cb="0"/><line nr="51" mi="0" ci="4" mb="0" cb="0"/><line nr="52" mi="0" ci="3" mb="0" cb="0"/><line nr="53" mi="0" ci="2" mb="0" cb="0"/><line nr="58" mi="0" ci="4" mb="0" cb="0"/><line nr="63" mi="0" ci="4" mb="0" cb="0"/><line nr="68" mi="0" ci="4" mb="0" cb="0"/><line nr="73" mi="0" ci="4" mb="0" cb="0"/><line nr="78" mi="0" ci="4" mb="0" cb="0"/><line nr="83" mi="0" ci="4" mb="0" cb="0"/><line nr="88" mi="0" ci="4" mb="0" cb="0"/><line nr="93" mi="0" ci="4" mb="0" cb="0"/><line nr="98" mi="0" ci="4" mb="0" cb="0"/><counter type="INSTRUCTION" missed="0" covered="83"/><counter type="LINE" missed="0" covered="18"/><counter type="COMPLEXITY" missed="0" covered="14"/><counter type="METHOD" missed="0" covered="14"/><counter type="CLASS" missed="0" covered="2"/></sourcefile><counter type="INSTRUCTION" missed="0" covered="83"/><counter type="LINE" missed="0" covered="18"/><counter type="COMPLEXITY" missed="0" covered="14"/><counter type="METHOD" missed="0" covered="14"/><counter type="CLASS" missed="0" covered="2"/></package><package name="org/chenile/proxy/builder"><class name="org/chenile/proxy/builder/ProxyBuilder$ProxyClass" sourcefilename="ProxyBuilder.java"><method name="&lt;init&gt;" desc="(Lorg/chenile/proxy/builder/ProxyBuilder;Ljava/lang/Class;Ljava/lang/String;Lorg/chenile/core/context/HeaderCopier;Lorg/chenile/proxy/builder/ProxyBuilder$ProxyMode;Ljava/lang/String;)V" line="84"><counter type="INSTRUCTION" missed="0" covered="21"/><counter type="LINE" missed="0" covered="7"/><counter type="COMPLEXITY" missed="0" covered="1"/><counter type="METHOD" missed="0" covered="1"/></method><method name="invoke" desc="(Ljava/lang/Object;Ljava/lang/reflect/Method;[Ljava/lang/Object;)Ljava/lang/Object;" line="96"><counter type="INSTRUCTION" missed="0" covered="52"/><counter type="BRANCH" missed="1" covered="5"/><counter type="LINE" missed="0" covered="11"/><counter type="COMPLEXITY" missed="1" covered="3"/><counter type="METHOD" missed="0" covered="1"/></method><method name="toString" desc="()Ljava/lang/String;" line="114"><counter type="INSTRUCTION" missed="0" covered="4"/><counter type="LINE" missed="0" covered="1"/><counter type="COMPLEXITY" missed="0" covered="1"/><counter type="METHOD" missed="0" covered="1"/></method><method name="populateArgs" desc="(Lorg/chenile/core/context/ChenileExchange;[Ljava/lang/Object;)V" line="119"><counter type="INSTRUCTION" missed="5" covered="43"/><counter type="BRANCH" missed="2" covered="4"/><counter type="LINE" missed="2" covered="11"/><counter type="COMPLEXITY" missed="2" covered="3"/><counter type="METHOD" missed="0" covered="1"/></method><counter type="INSTRUCTION" missed="5" covered="120"/><counter type="BRANCH" missed="3" covered="9"/><counter type="LINE" missed="2" covered="30"/><counter type="COMPLEXITY" missed="3" covered="8"/><counter type="METHOD" missed="0" covered="4"/><counter type="CLASS" missed="0" covered="1"/></class><class name="org/chenile/proxy/builder/ProxyBuilder$ProxyMode" sourcefilename="ProxyBuilder.java"><method name="&lt;clinit&gt;" desc="()V" line="64"><counter type="INSTRUCTION" missed="0" covered="21"/><counter type="LINE" missed="0" covered="4"/><counter type="COMPLEXITY" missed="0" covered="1"/><counter type="METHOD" missed="0" covered="1"/></method><counter type="INSTRUCTION" missed="0" covered="21"/><counter type="LINE" missed="0" covered="4"/><counter type="COMPLEXITY" missed="0" covered="1"/><counter type="METHOD" missed="0" covered="1"/><counter type="CLASS" missed="0" covered="1"/></class><class name="org/chenile/proxy/builder/ProxyBuilder" sourcefilename="ProxyBuilder.java"><method name="&lt;init&gt;" desc="()V" line="27"><counter type="INSTRUCTION" missed="0" covered="3"/><counter type="LINE" missed="0" covered="1"/><counter type="COMPLEXITY" missed="0" covered="1"/><counter type="METHOD" missed="0" covered="1"/></method><method name="buildProxy" desc="(Ljava/lang/Class;Ljava/lang/String;Lorg/chenile/core/context/HeaderCopier;Ljava/lang/String;)Ljava/lang/Object;" line="43"><counter type="INSTRUCTION" missed="0" covered="8"/><counter type="LINE" missed="0" covered="1"/><counter type="COMPLEXITY" missed="0" covered="1"/><counter type="METHOD" missed="0" covered="1"/></method><method name="buildProxy" desc="(Ljava/lang/Class;Ljava/lang/String;Lorg/chenile/core/context/HeaderCopier;Lorg/chenile/proxy/builder/ProxyBuilder$ProxyMode;Ljava/lang/String;)Ljava/lang/Object;" line="57"><counter type="INSTRUCTION" missed="0" covered="23"/><counter type="LINE" missed="0" covered="3"/><counter type="COMPLEXITY" missed="0" covered="1"/><counter type="METHOD" missed="0" covered="1"/></method><counter type="INSTRUCTION" missed="0" covered="34"/><counter type="LINE" missed="0" covered="5"/><counter type="COMPLEXITY" missed="0" covered="3"/><counter type="METHOD" missed="0" covered="3"/><counter type="CLASS" missed="0" covered="1"/></class><sourcefile name="ProxyBuilder.java"><line nr="27" mi="0" ci="3" mb="0" cb="0"/><line nr="43" mi="0" ci="8" mb="0" cb="0"/><line nr="57" mi="0" ci="10" mb="0" cb="0"/><line nr="59" mi="0" ci="11" mb="0" cb="0"/><line nr="61" mi="0" ci="2" mb="0" cb="0"/><line nr="64" mi="0" ci="3" mb="0" cb="0"/><line nr="65" mi="0" ci="6" mb="0" cb="0"/><line nr="66" mi="0" ci="6" mb="0" cb="0"/><line nr="67" mi="0" ci="6" mb="0" cb="0"/><line nr="84" mi="0" ci="5" mb="0" cb="0"/><line nr="85" mi="0" ci="3" mb="0" cb="0"/><line nr="86" mi="0" ci="3" mb="0" cb="0"/><line nr="87" mi="0" ci="3" mb="0" cb="0"/><line nr="88" mi="0" ci="3" mb="0" cb="0"/><line nr="89" mi="0" ci="3" mb="0" cb="0"/><line nr="90" mi="0" ci="1" mb="0" cb="0"/><line nr="96" mi="0" ci="6" mb="0" cb="2"/><line nr="97" mi="0" ci="5" mb="0" cb="0"/><line nr="100" mi="0" ci="11" mb="0" cb="0"/><line nr="101" mi="0" ci="2" mb="1" cb="1"/><line nr="102" mi="0" ci="4" mb="0" cb="0"/><line nr="103" mi="0" ci="5" mb="0" cb="0"/><line nr="104" mi="0" ci="5" mb="0" cb="0"/><line nr="106" mi="0" ci="5" mb="0" cb="0"/><line nr="107" mi="0" ci="3" mb="0" cb="2"/><line nr="108" mi="0" ci="3" mb="0" cb="0"/><line nr="110" mi="0" ci="3" mb="0" cb="0"/><line nr="114" mi="0" ci="4" mb="0" cb="0"/><line nr="119" mi="0" ci="4" mb="0" cb="0"/><line nr="120" mi="0" ci="3" mb="0" cb="0"/><line nr="122" mi="0" ci="9" mb="0" cb="2"/><line nr="123" mi="0" ci="6" mb="0" cb="0"/><line nr="124" mi="0" ci="4" mb="0" cb="0"/><line nr="125" mi="0" ci="6" mb="2" cb="2"/><line nr="127" mi="0" ci="5" mb="0" cb="0"/><line nr="128" mi="0" ci="1" mb="0" cb="0"/><line nr="130" mi="0" ci="3" mb="0" cb="0"/><line nr="131" mi="0" ci="1" mb="0" cb="0"/><line nr="133" mi="4" ci="0" mb="0" cb="0"/><line nr="134" mi="1" ci="0" mb="0" cb="0"/><line nr="139" mi="0" ci="1" mb="0" cb="0"/><counter type="INSTRUCTION" missed="5" covered="175"/><counter type="BRANCH" missed="3" covered="9"/><counter type="LINE" missed="2" covered="39"/><counter type="COMPLEXITY" missed="3" covered="12"/><counter type="METHOD" missed="0" covered="8"/><counter type="CLASS" missed="0" covered="3"/></sourcefile><counter type="INSTRUCTION" missed="5" covered="175"/><counter type="BRANCH" missed="3" covered="9"/><counter type="LINE" missed="2" covered="39"/><counter type="COMPLEXITY" missed="3" covered="12"/><counter type="METHOD" missed="0" covered="8"/><counter type="CLASS" missed="0" covered="3"/></package><counter type="INSTRUCTION" missed="134" covered="713"/><counter type="BRANCH" missed="23" covered="32"/><counter type="LINE" missed="32" covered="164"/><counter type="COMPLEXITY" missed="22" covered="61"/><counter type="METHOD" missed="1" covered="52"/><counter type="CLASS" missed="0" covered="14"/></report>